running egg_info
creating ../../build/chase_object/chase_object.egg-info
writing ../../build/chase_object/chase_object.egg-info/PKG-INFO
writing dependency_links to ../../build/chase_object/chase_object.egg-info/dependency_links.txt
writing entry points to ../../build/chase_object/chase_object.egg-info/entry_points.txt
writing requirements to ../../build/chase_object/chase_object.egg-info/requires.txt
writing top-level names to ../../build/chase_object/chase_object.egg-info/top_level.txt
writing manifest file '../../build/chase_object/chase_object.egg-info/SOURCES.txt'
reading manifest file '../../build/chase_object/chase_object.egg-info/SOURCES.txt'
writing manifest file '../../build/chase_object/chase_object.egg-info/SOURCES.txt'
running build
running build_py
creating /home/mj/project/pj_chase_obj/build/chase_object/build
creating /home/mj/project/pj_chase_obj/build/chase_object/build/lib
creating /home/mj/project/pj_chase_obj/build/chase_object/build/lib/chase_object
copying chase_object/__init__.py -> /home/mj/project/pj_chase_obj/build/chase_object/build/lib/chase_object
copying chase_object/yolo_ros_node.py -> /home/mj/project/pj_chase_obj/build/chase_object/build/lib/chase_object
copying chase_object/control_rotate.py -> /home/mj/project/pj_chase_obj/build/chase_object/build/lib/chase_object
copying chase_object/control_apps.py -> /home/mj/project/pj_chase_obj/build/chase_object/build/lib/chase_object
copying chase_object/yolo_apps.py -> /home/mj/project/pj_chase_obj/build/chase_object/build/lib/chase_object
running install
running install_lib
creating /home/mj/project/pj_chase_obj/install/chase_object/lib/python3.12/site-packages/chase_object
copying /home/mj/project/pj_chase_obj/build/chase_object/build/lib/chase_object/__init__.py -> /home/mj/project/pj_chase_obj/install/chase_object/lib/python3.12/site-packages/chase_object
copying /home/mj/project/pj_chase_obj/build/chase_object/build/lib/chase_object/yolo_ros_node.py -> /home/mj/project/pj_chase_obj/install/chase_object/lib/python3.12/site-packages/chase_object
copying /home/mj/project/pj_chase_obj/build/chase_object/build/lib/chase_object/control_rotate.py -> /home/mj/project/pj_chase_obj/install/chase_object/lib/python3.12/site-packages/chase_object
copying /home/mj/project/pj_chase_obj/build/chase_object/build/lib/chase_object/control_apps.py -> /home/mj/project/pj_chase_obj/install/chase_object/lib/python3.12/site-packages/chase_object
copying /home/mj/project/pj_chase_obj/build/chase_object/build/lib/chase_object/yolo_apps.py -> /home/mj/project/pj_chase_obj/install/chase_object/lib/python3.12/site-packages/chase_object
byte-compiling /home/mj/project/pj_chase_obj/install/chase_object/lib/python3.12/site-packages/chase_object/__init__.py to __init__.cpython-312.pyc
byte-compiling /home/mj/project/pj_chase_obj/install/chase_object/lib/python3.12/site-packages/chase_object/yolo_ros_node.py to yolo_ros_node.cpython-312.pyc
byte-compiling /home/mj/project/pj_chase_obj/install/chase_object/lib/python3.12/site-packages/chase_object/control_rotate.py to control_rotate.cpython-312.pyc
byte-compiling /home/mj/project/pj_chase_obj/install/chase_object/lib/python3.12/site-packages/chase_object/control_apps.py to control_apps.cpython-312.pyc
byte-compiling /home/mj/project/pj_chase_obj/install/chase_object/lib/python3.12/site-packages/chase_object/yolo_apps.py to yolo_apps.cpython-312.pyc
running install_data
creating /home/mj/project/pj_chase_obj/install/chase_object/share/ament_index
creating /home/mj/project/pj_chase_obj/install/chase_object/share/ament_index/resource_index
creating /home/mj/project/pj_chase_obj/install/chase_object/share/ament_index/resource_index/packages
copying resource/chase_object -> /home/mj/project/pj_chase_obj/install/chase_object/share/ament_index/resource_index/packages
copying package.xml -> /home/mj/project/pj_chase_obj/install/chase_object/share/chase_object
running install_egg_info
Copying ../../build/chase_object/chase_object.egg-info to /home/mj/project/pj_chase_obj/install/chase_object/lib/python3.12/site-packages/chase_object-0.0.0-py3.12.egg-info
running install_scripts
Installing control_rotate script to /home/mj/project/pj_chase_obj/install/chase_object/lib/chase_object
Installing yolo_ros_node script to /home/mj/project/pj_chase_obj/install/chase_object/lib/chase_object
writing list of installed files to '/home/mj/project/pj_chase_obj/build/chase_object/install.log'
