[0.008s] Invoking command in '/home/lee/turtlebot3_ws/build/dynamixel_sdk_examples': AMENT_PREFIX_PATH=/home/lee/turtlebot3_ws/install/dynamixel_sdk_custom_interfaces:/home/lee/turtlebot3_ws/install/dynamixel_sdk:${AMENT_PREFIX_PATH} CMAKE_PREFIX_PATH=/home/lee/turtlebot3_ws/install/dynamixel_sdk_custom_interfaces:/home/lee/turtlebot3_ws/install/dynamixel_sdk:/home/lee/pinky/install/pinky_sensor_adc:/home/lee/pinky/install/pinky_navigation:/home/lee/pinky/install/pinky_lamp_control:/home/lee/pinky/install/pinky_interfaces:/home/lee/pinky/install/pinky_imu_bno055:/home/lee/pinky/install/pinky_gz_sim:/home/lee/pinky/install/pinky_description:/opt/ros/jazzy/opt/gz_sim_vendor:/opt/ros/jazzy/opt/gz_sensors_vendor:/opt/ros/jazzy/opt/gz_physics_vendor:/opt/ros/jazzy/opt/sdformat_vendor:/opt/ros/jazzy/opt/gz_gui_vendor:/opt/ros/jazzy/opt/gz_transport_vendor:/opt/ros/jazzy/opt/gz_rendering_vendor:/opt/ros/jazzy/opt/gz_plugin_vendor:/opt/ros/jazzy/opt/gz_fuel_tools_vendor:/opt/ros/jazzy/opt/gz_msgs_vendor:/opt/ros/jazzy/opt/gz_common_vendor:/opt/ros/jazzy/opt/gz_math_vendor:/opt/ros/jazzy/opt/gz_utils_vendor:/opt/ros/jazzy/opt/gz_tools_vendor:/opt/ros/jazzy/opt/gz_ogre_next_vendor:/opt/ros/jazzy/opt/gz_dartsim_vendor:/opt/ros/jazzy/opt/gz_cmake_vendor:/home/lee/pinky/install/pinky_simple_navigator:/home/lee/pinky/install/pinky_led:/home/lee/pinky/install/pinky_emotion:/home/lee/pinky/install/pinky_bringup:/opt/ros/jazzy DEBUGINFOD_URLS=https://debuginfod.ubuntu.com LD_LIBRARY_PATH=/home/lee/turtlebot3_ws/install/dynamixel_sdk_custom_interfaces/lib:/home/lee/turtlebot3_ws/install/dynamixel_sdk/lib:${LD_LIBRARY_PATH} PS1=\[\e]0;\u@\h: \w\a\]${debian_chroot:+($debian_chroot)}\[\033[01;32m\]\u@\h\[\033[00m\]:\[\033[01;34m\]\w\[\033[00m\]\$ PYTHONPATH=/home/lee/turtlebot3_ws/install/dynamixel_sdk_custom_interfaces/lib/python3.12/site-packages:/home/lee/turtlebot3_ws/install/dynamixel_sdk/lib/python3.12/site-packages:${PYTHONPATH} /usr/bin/cmake /home/lee/turtlebot3_ws/src/DynamixelSDK/ros/dynamixel_sdk_examples -DAMENT_CMAKE_SYMLINK_INSTALL=1 -DCMAKE_INSTALL_PREFIX=/home/lee/turtlebot3_ws/install/dynamixel_sdk_examples
[0.046s] -- The C compiler identification is GNU 13.3.0
[0.083s] -- The CXX compiler identification is GNU 13.3.0
[0.095s] -- Detecting C compiler ABI info
[0.158s] -- Detecting C compiler ABI info - done
[0.163s] -- Check for working C compiler: /usr/bin/cc - skipped
[0.163s] -- Detecting C compile features
[0.163s] -- Detecting C compile features - done
[0.170s] -- Detecting CXX compiler ABI info
[0.235s] -- Detecting CXX compiler ABI info - done
[0.245s] -- Check for working CXX compiler: /usr/bin/c++ - skipped
[0.245s] -- Detecting CXX compile features
[0.245s] -- Detecting CXX compile features - done
[0.248s] -- Found ament_cmake: 2.5.6 (/opt/ros/jazzy/share/ament_cmake/cmake)
[0.347s] -- Found Python3: /usr/bin/python3 (found version "3.12.3") found components: Interpreter 
[0.387s] -- Override CMake install command with custom implementation using symlinks instead of copying resources
[0.415s] -- Found dynamixel_sdk: 4.0.4 (/home/lee/turtlebot3_ws/install/dynamixel_sdk/share/dynamixel_sdk/cmake)
[0.416s] -- Found dynamixel_sdk_custom_interfaces: 4.0.4 (/home/lee/turtlebot3_ws/install/dynamixel_sdk_custom_interfaces/share/dynamixel_sdk_custom_interfaces/cmake)
[0.445s] -- Found rosidl_generator_c: 4.6.7 (/opt/ros/jazzy/share/rosidl_generator_c/cmake)
[0.454s] -- Found rosidl_generator_cpp: 4.6.7 (/opt/ros/jazzy/share/rosidl_generator_cpp/cmake)
[0.465s] -- Using all available rosidl_typesupport_c: rosidl_typesupport_fastrtps_c;rosidl_typesupport_introspection_c
[0.477s] -- Using all available rosidl_typesupport_cpp: rosidl_typesupport_fastrtps_cpp;rosidl_typesupport_introspection_cpp
[0.509s] -- Found rclcpp: 28.1.18 (/opt/ros/jazzy/share/rclcpp/cmake)
[0.541s] -- Found rmw_implementation_cmake: 7.3.3 (/opt/ros/jazzy/share/rmw_implementation_cmake/cmake)
[0.543s] -- Found rmw_fastrtps_cpp: 8.4.3 (/opt/ros/jazzy/share/rmw_fastrtps_cpp/cmake)
[0.604s] -- Found OpenSSL: /usr/lib/x86_64-linux-gnu/libcrypto.so (found version "3.0.13")  
[0.620s] -- Found FastRTPS: /opt/ros/jazzy/include (Required is at least version "2.13") 
[0.638s] -- Using RMW implementation 'rmw_fastrtps_cpp' as default
[0.686s] -- Found rclpy: 7.1.11 (/opt/ros/jazzy/share/rclpy/cmake)
[0.688s] -- Found ament_lint_auto: 0.17.5 (/opt/ros/jazzy/share/ament_lint_auto/cmake)
[0.761s] -- Added test 'copyright' to check source files copyright and LICENSE
[0.762s] -- Added test 'cppcheck' to perform static code analysis on C / C++ code
[0.762s] -- Configured cppcheck include dirs: /home/lee/turtlebot3_ws/src/DynamixelSDK/ros/dynamixel_sdk_examples/include
[0.762s] -- Configured cppcheck exclude dirs and/or files: 
[0.763s] -- Added test 'cpplint' to check C / C++ code against the Google style
[0.763s] -- Configured cpplint exclude dirs and/or files: 
[0.764s] -- Added test 'flake8' to check Python code syntax and style conventions
[0.764s] -- Configured 'flake8' exclude dirs and/or files: 
[0.764s] -- Added test 'lint_cmake' to check CMake code style
[0.765s] -- Added test 'pep257' to check Python code against some of the docstring style conventions in PEP 257
[0.765s] -- Added test 'uncrustify' to check C / C++ code style
[0.765s] -- Configured uncrustify additional arguments: 
[0.766s] -- Added test 'xmllint' to check XML markup files
[0.767s] -- Configuring done (0.8s)
[0.772s] -- Generating done (0.0s)
[0.774s] -- Build files have been written to: /home/lee/turtlebot3_ws/build/dynamixel_sdk_examples
[0.780s] Invoked command in '/home/lee/turtlebot3_ws/build/dynamixel_sdk_examples' returned '0': AMENT_PREFIX_PATH=/home/lee/turtlebot3_ws/install/dynamixel_sdk_custom_interfaces:/home/lee/turtlebot3_ws/install/dynamixel_sdk:${AMENT_PREFIX_PATH} CMAKE_PREFIX_PATH=/home/lee/turtlebot3_ws/install/dynamixel_sdk_custom_interfaces:/home/lee/turtlebot3_ws/install/dynamixel_sdk:/home/lee/pinky/install/pinky_sensor_adc:/home/lee/pinky/install/pinky_navigation:/home/lee/pinky/install/pinky_lamp_control:/home/lee/pinky/install/pinky_interfaces:/home/lee/pinky/install/pinky_imu_bno055:/home/lee/pinky/install/pinky_gz_sim:/home/lee/pinky/install/pinky_description:/opt/ros/jazzy/opt/gz_sim_vendor:/opt/ros/jazzy/opt/gz_sensors_vendor:/opt/ros/jazzy/opt/gz_physics_vendor:/opt/ros/jazzy/opt/sdformat_vendor:/opt/ros/jazzy/opt/gz_gui_vendor:/opt/ros/jazzy/opt/gz_transport_vendor:/opt/ros/jazzy/opt/gz_rendering_vendor:/opt/ros/jazzy/opt/gz_plugin_vendor:/opt/ros/jazzy/opt/gz_fuel_tools_vendor:/opt/ros/jazzy/opt/gz_msgs_vendor:/opt/ros/jazzy/opt/gz_common_vendor:/opt/ros/jazzy/opt/gz_math_vendor:/opt/ros/jazzy/opt/gz_utils_vendor:/opt/ros/jazzy/opt/gz_tools_vendor:/opt/ros/jazzy/opt/gz_ogre_next_vendor:/opt/ros/jazzy/opt/gz_dartsim_vendor:/opt/ros/jazzy/opt/gz_cmake_vendor:/home/lee/pinky/install/pinky_simple_navigator:/home/lee/pinky/install/pinky_led:/home/lee/pinky/install/pinky_emotion:/home/lee/pinky/install/pinky_bringup:/opt/ros/jazzy DEBUGINFOD_URLS=https://debuginfod.ubuntu.com LD_LIBRARY_PATH=/home/lee/turtlebot3_ws/install/dynamixel_sdk_custom_interfaces/lib:/home/lee/turtlebot3_ws/install/dynamixel_sdk/lib:${LD_LIBRARY_PATH} PS1=\[\e]0;\u@\h: \w\a\]${debian_chroot:+($debian_chroot)}\[\033[01;32m\]\u@\h\[\033[00m\]:\[\033[01;34m\]\w\[\033[00m\]\$ PYTHONPATH=/home/lee/turtlebot3_ws/install/dynamixel_sdk_custom_interfaces/lib/python3.12/site-packages:/home/lee/turtlebot3_ws/install/dynamixel_sdk/lib/python3.12/site-packages:${PYTHONPATH} /usr/bin/cmake /home/lee/turtlebot3_ws/src/DynamixelSDK/ros/dynamixel_sdk_examples -DAMENT_CMAKE_SYMLINK_INSTALL=1 -DCMAKE_INSTALL_PREFIX=/home/lee/turtlebot3_ws/install/dynamixel_sdk_examples
[0.781s] Invoking command in '/home/lee/turtlebot3_ws/build/dynamixel_sdk_examples': AMENT_PREFIX_PATH=/home/lee/turtlebot3_ws/install/dynamixel_sdk_custom_interfaces:/home/lee/turtlebot3_ws/install/dynamixel_sdk:${AMENT_PREFIX_PATH} CMAKE_PREFIX_PATH=/home/lee/turtlebot3_ws/install/dynamixel_sdk_custom_interfaces:/home/lee/turtlebot3_ws/install/dynamixel_sdk:/home/lee/pinky/install/pinky_sensor_adc:/home/lee/pinky/install/pinky_navigation:/home/lee/pinky/install/pinky_lamp_control:/home/lee/pinky/install/pinky_interfaces:/home/lee/pinky/install/pinky_imu_bno055:/home/lee/pinky/install/pinky_gz_sim:/home/lee/pinky/install/pinky_description:/opt/ros/jazzy/opt/gz_sim_vendor:/opt/ros/jazzy/opt/gz_sensors_vendor:/opt/ros/jazzy/opt/gz_physics_vendor:/opt/ros/jazzy/opt/sdformat_vendor:/opt/ros/jazzy/opt/gz_gui_vendor:/opt/ros/jazzy/opt/gz_transport_vendor:/opt/ros/jazzy/opt/gz_rendering_vendor:/opt/ros/jazzy/opt/gz_plugin_vendor:/opt/ros/jazzy/opt/gz_fuel_tools_vendor:/opt/ros/jazzy/opt/gz_msgs_vendor:/opt/ros/jazzy/opt/gz_common_vendor:/opt/ros/jazzy/opt/gz_math_vendor:/opt/ros/jazzy/opt/gz_utils_vendor:/opt/ros/jazzy/opt/gz_tools_vendor:/opt/ros/jazzy/opt/gz_ogre_next_vendor:/opt/ros/jazzy/opt/gz_dartsim_vendor:/opt/ros/jazzy/opt/gz_cmake_vendor:/home/lee/pinky/install/pinky_simple_navigator:/home/lee/pinky/install/pinky_led:/home/lee/pinky/install/pinky_emotion:/home/lee/pinky/install/pinky_bringup:/opt/ros/jazzy DEBUGINFOD_URLS=https://debuginfod.ubuntu.com LD_LIBRARY_PATH=/home/lee/turtlebot3_ws/install/dynamixel_sdk_custom_interfaces/lib:/home/lee/turtlebot3_ws/install/dynamixel_sdk/lib:${LD_LIBRARY_PATH} PS1=\[\e]0;\u@\h: \w\a\]${debian_chroot:+($debian_chroot)}\[\033[01;32m\]\u@\h\[\033[00m\]:\[\033[01;34m\]\w\[\033[00m\]\$ PYTHONPATH=/home/lee/turtlebot3_ws/install/dynamixel_sdk_custom_interfaces/lib/python3.12/site-packages:/home/lee/turtlebot3_ws/install/dynamixel_sdk/lib/python3.12/site-packages:${PYTHONPATH} /usr/bin/cmake --build /home/lee/turtlebot3_ws/build/dynamixel_sdk_examples -- -j24 -l24
[0.818s] [ 50%] [32mBuilding CXX object CMakeFiles/read_write_node.dir/src/read_write_node.cpp.o[0m
[5.237s] [100%] [32m[1mLinking CXX executable read_write_node[0m
[5.473s] [100%] Built target read_write_node
[5.487s] Invoked command in '/home/lee/turtlebot3_ws/build/dynamixel_sdk_examples' returned '0': AMENT_PREFIX_PATH=/home/lee/turtlebot3_ws/install/dynamixel_sdk_custom_interfaces:/home/lee/turtlebot3_ws/install/dynamixel_sdk:${AMENT_PREFIX_PATH} CMAKE_PREFIX_PATH=/home/lee/turtlebot3_ws/install/dynamixel_sdk_custom_interfaces:/home/lee/turtlebot3_ws/install/dynamixel_sdk:/home/lee/pinky/install/pinky_sensor_adc:/home/lee/pinky/install/pinky_navigation:/home/lee/pinky/install/pinky_lamp_control:/home/lee/pinky/install/pinky_interfaces:/home/lee/pinky/install/pinky_imu_bno055:/home/lee/pinky/install/pinky_gz_sim:/home/lee/pinky/install/pinky_description:/opt/ros/jazzy/opt/gz_sim_vendor:/opt/ros/jazzy/opt/gz_sensors_vendor:/opt/ros/jazzy/opt/gz_physics_vendor:/opt/ros/jazzy/opt/sdformat_vendor:/opt/ros/jazzy/opt/gz_gui_vendor:/opt/ros/jazzy/opt/gz_transport_vendor:/opt/ros/jazzy/opt/gz_rendering_vendor:/opt/ros/jazzy/opt/gz_plugin_vendor:/opt/ros/jazzy/opt/gz_fuel_tools_vendor:/opt/ros/jazzy/opt/gz_msgs_vendor:/opt/ros/jazzy/opt/gz_common_vendor:/opt/ros/jazzy/opt/gz_math_vendor:/opt/ros/jazzy/opt/gz_utils_vendor:/opt/ros/jazzy/opt/gz_tools_vendor:/opt/ros/jazzy/opt/gz_ogre_next_vendor:/opt/ros/jazzy/opt/gz_dartsim_vendor:/opt/ros/jazzy/opt/gz_cmake_vendor:/home/lee/pinky/install/pinky_simple_navigator:/home/lee/pinky/install/pinky_led:/home/lee/pinky/install/pinky_emotion:/home/lee/pinky/install/pinky_bringup:/opt/ros/jazzy DEBUGINFOD_URLS=https://debuginfod.ubuntu.com LD_LIBRARY_PATH=/home/lee/turtlebot3_ws/install/dynamixel_sdk_custom_interfaces/lib:/home/lee/turtlebot3_ws/install/dynamixel_sdk/lib:${LD_LIBRARY_PATH} PS1=\[\e]0;\u@\h: \w\a\]${debian_chroot:+($debian_chroot)}\[\033[01;32m\]\u@\h\[\033[00m\]:\[\033[01;34m\]\w\[\033[00m\]\$ PYTHONPATH=/home/lee/turtlebot3_ws/install/dynamixel_sdk_custom_interfaces/lib/python3.12/site-packages:/home/lee/turtlebot3_ws/install/dynamixel_sdk/lib/python3.12/site-packages:${PYTHONPATH} /usr/bin/cmake --build /home/lee/turtlebot3_ws/build/dynamixel_sdk_examples -- -j24 -l24
[5.488s] Invoking command in '/home/lee/turtlebot3_ws/build/dynamixel_sdk_examples': AMENT_PREFIX_PATH=/home/lee/turtlebot3_ws/install/dynamixel_sdk_custom_interfaces:/home/lee/turtlebot3_ws/install/dynamixel_sdk:${AMENT_PREFIX_PATH} CMAKE_PREFIX_PATH=/home/lee/turtlebot3_ws/install/dynamixel_sdk_custom_interfaces:/home/lee/turtlebot3_ws/install/dynamixel_sdk:/home/lee/pinky/install/pinky_sensor_adc:/home/lee/pinky/install/pinky_navigation:/home/lee/pinky/install/pinky_lamp_control:/home/lee/pinky/install/pinky_interfaces:/home/lee/pinky/install/pinky_imu_bno055:/home/lee/pinky/install/pinky_gz_sim:/home/lee/pinky/install/pinky_description:/opt/ros/jazzy/opt/gz_sim_vendor:/opt/ros/jazzy/opt/gz_sensors_vendor:/opt/ros/jazzy/opt/gz_physics_vendor:/opt/ros/jazzy/opt/sdformat_vendor:/opt/ros/jazzy/opt/gz_gui_vendor:/opt/ros/jazzy/opt/gz_transport_vendor:/opt/ros/jazzy/opt/gz_rendering_vendor:/opt/ros/jazzy/opt/gz_plugin_vendor:/opt/ros/jazzy/opt/gz_fuel_tools_vendor:/opt/ros/jazzy/opt/gz_msgs_vendor:/opt/ros/jazzy/opt/gz_common_vendor:/opt/ros/jazzy/opt/gz_math_vendor:/opt/ros/jazzy/opt/gz_utils_vendor:/opt/ros/jazzy/opt/gz_tools_vendor:/opt/ros/jazzy/opt/gz_ogre_next_vendor:/opt/ros/jazzy/opt/gz_dartsim_vendor:/opt/ros/jazzy/opt/gz_cmake_vendor:/home/lee/pinky/install/pinky_simple_navigator:/home/lee/pinky/install/pinky_led:/home/lee/pinky/install/pinky_emotion:/home/lee/pinky/install/pinky_bringup:/opt/ros/jazzy DEBUGINFOD_URLS=https://debuginfod.ubuntu.com LD_LIBRARY_PATH=/home/lee/turtlebot3_ws/install/dynamixel_sdk_custom_interfaces/lib:/home/lee/turtlebot3_ws/install/dynamixel_sdk/lib:${LD_LIBRARY_PATH} PS1=\[\e]0;\u@\h: \w\a\]${debian_chroot:+($debian_chroot)}\[\033[01;32m\]\u@\h\[\033[00m\]:\[\033[01;34m\]\w\[\033[00m\]\$ PYTHONPATH=/home/lee/turtlebot3_ws/install/dynamixel_sdk_custom_interfaces/lib/python3.12/site-packages:/home/lee/turtlebot3_ws/install/dynamixel_sdk/lib/python3.12/site-packages:${PYTHONPATH} /usr/bin/cmake --install /home/lee/turtlebot3_ws/build/dynamixel_sdk_examples
[5.498s] -- Install configuration: ""
[5.498s] -- Execute custom install script
[5.498s] -- Symlinking: /home/lee/turtlebot3_ws/install/dynamixel_sdk_examples/lib/dynamixel_sdk_examples/read_write_node
[5.510s] -- Symlinking: /home/lee/turtlebot3_ws/install/dynamixel_sdk_examples/lib/dynamixel_sdk_examples/read_write_node.py
[5.521s] -- Symlinking: /home/lee/turtlebot3_ws/install/dynamixel_sdk_examples/share/ament_index/resource_index/package_run_dependencies/dynamixel_sdk_examples
[5.530s] -- Symlinking: /home/lee/turtlebot3_ws/install/dynamixel_sdk_examples/share/ament_index/resource_index/parent_prefix_path/dynamixel_sdk_examples
[5.541s] -- Symlinking: /home/lee/turtlebot3_ws/install/dynamixel_sdk_examples/share/dynamixel_sdk_examples/environment/ament_prefix_path.sh
[5.551s] -- Symlinking: /home/lee/turtlebot3_ws/install/dynamixel_sdk_examples/share/dynamixel_sdk_examples/environment/ament_prefix_path.dsv
[5.564s] -- Symlinking: /home/lee/turtlebot3_ws/install/dynamixel_sdk_examples/share/dynamixel_sdk_examples/environment/path.sh
[5.575s] -- Symlinking: /home/lee/turtlebot3_ws/install/dynamixel_sdk_examples/share/dynamixel_sdk_examples/environment/path.dsv
[5.588s] -- Symlinking: /home/lee/turtlebot3_ws/install/dynamixel_sdk_examples/share/dynamixel_sdk_examples/local_setup.bash
[5.598s] -- Symlinking: /home/lee/turtlebot3_ws/install/dynamixel_sdk_examples/share/dynamixel_sdk_examples/local_setup.sh
[5.608s] -- Symlinking: /home/lee/turtlebot3_ws/install/dynamixel_sdk_examples/share/dynamixel_sdk_examples/local_setup.zsh
[5.617s] -- Symlinking: /home/lee/turtlebot3_ws/install/dynamixel_sdk_examples/share/dynamixel_sdk_examples/local_setup.dsv
[5.624s] -- Symlinking: /home/lee/turtlebot3_ws/install/dynamixel_sdk_examples/share/dynamixel_sdk_examples/package.dsv
[5.635s] -- Symlinking: /home/lee/turtlebot3_ws/install/dynamixel_sdk_examples/share/ament_index/resource_index/packages/dynamixel_sdk_examples
[5.645s] -- Symlinking: /home/lee/turtlebot3_ws/install/dynamixel_sdk_examples/share/dynamixel_sdk_examples/cmake/dynamixel_sdk_examplesConfig.cmake
[5.654s] -- Symlinking: /home/lee/turtlebot3_ws/install/dynamixel_sdk_examples/share/dynamixel_sdk_examples/cmake/dynamixel_sdk_examplesConfig-version.cmake
[5.668s] -- Symlinking: /home/lee/turtlebot3_ws/install/dynamixel_sdk_examples/share/dynamixel_sdk_examples/package.xml
[5.681s] Invoked command in '/home/lee/turtlebot3_ws/build/dynamixel_sdk_examples' returned '0': AMENT_PREFIX_PATH=/home/lee/turtlebot3_ws/install/dynamixel_sdk_custom_interfaces:/home/lee/turtlebot3_ws/install/dynamixel_sdk:${AMENT_PREFIX_PATH} CMAKE_PREFIX_PATH=/home/lee/turtlebot3_ws/install/dynamixel_sdk_custom_interfaces:/home/lee/turtlebot3_ws/install/dynamixel_sdk:/home/lee/pinky/install/pinky_sensor_adc:/home/lee/pinky/install/pinky_navigation:/home/lee/pinky/install/pinky_lamp_control:/home/lee/pinky/install/pinky_interfaces:/home/lee/pinky/install/pinky_imu_bno055:/home/lee/pinky/install/pinky_gz_sim:/home/lee/pinky/install/pinky_description:/opt/ros/jazzy/opt/gz_sim_vendor:/opt/ros/jazzy/opt/gz_sensors_vendor:/opt/ros/jazzy/opt/gz_physics_vendor:/opt/ros/jazzy/opt/sdformat_vendor:/opt/ros/jazzy/opt/gz_gui_vendor:/opt/ros/jazzy/opt/gz_transport_vendor:/opt/ros/jazzy/opt/gz_rendering_vendor:/opt/ros/jazzy/opt/gz_plugin_vendor:/opt/ros/jazzy/opt/gz_fuel_tools_vendor:/opt/ros/jazzy/opt/gz_msgs_vendor:/opt/ros/jazzy/opt/gz_common_vendor:/opt/ros/jazzy/opt/gz_math_vendor:/opt/ros/jazzy/opt/gz_utils_vendor:/opt/ros/jazzy/opt/gz_tools_vendor:/opt/ros/jazzy/opt/gz_ogre_next_vendor:/opt/ros/jazzy/opt/gz_dartsim_vendor:/opt/ros/jazzy/opt/gz_cmake_vendor:/home/lee/pinky/install/pinky_simple_navigator:/home/lee/pinky/install/pinky_led:/home/lee/pinky/install/pinky_emotion:/home/lee/pinky/install/pinky_bringup:/opt/ros/jazzy DEBUGINFOD_URLS=https://debuginfod.ubuntu.com LD_LIBRARY_PATH=/home/lee/turtlebot3_ws/install/dynamixel_sdk_custom_interfaces/lib:/home/lee/turtlebot3_ws/install/dynamixel_sdk/lib:${LD_LIBRARY_PATH} PS1=\[\e]0;\u@\h: \w\a\]${debian_chroot:+($debian_chroot)}\[\033[01;32m\]\u@\h\[\033[00m\]:\[\033[01;34m\]\w\[\033[00m\]\$ PYTHONPATH=/home/lee/turtlebot3_ws/install/dynamixel_sdk_custom_interfaces/lib/python3.12/site-packages:/home/lee/turtlebot3_ws/install/dynamixel_sdk/lib/python3.12/site-packages:${PYTHONPATH} /usr/bin/cmake --install /home/lee/turtlebot3_ws/build/dynamixel_sdk_examples
