/home/mj/project/pj_chase_obj/install/chase_object/lib/python3.12/site-packages/chase_object/__init__.py
/home/mj/project/pj_chase_obj/install/chase_object/lib/python3.12/site-packages/chase_object/yolo_ros_node.py
/home/mj/project/pj_chase_obj/install/chase_object/lib/python3.12/site-packages/chase_object/control_rotate.py
/home/mj/project/pj_chase_obj/install/chase_object/lib/python3.12/site-packages/chase_object/control_apps.py
/home/mj/project/pj_chase_obj/install/chase_object/lib/python3.12/site-packages/chase_object/yolo_apps.py
/home/mj/project/pj_chase_obj/install/chase_object/lib/python3.12/site-packages/chase_object/__pycache__/__init__.cpython-312.pyc
/home/mj/project/pj_chase_obj/install/chase_object/lib/python3.12/site-packages/chase_object/__pycache__/yolo_ros_node.cpython-312.pyc
/home/mj/project/pj_chase_obj/install/chase_object/lib/python3.12/site-packages/chase_object/__pycache__/control_rotate.cpython-312.pyc
/home/mj/project/pj_chase_obj/install/chase_object/lib/python3.12/site-packages/chase_object/__pycache__/control_apps.cpython-312.pyc
/home/mj/project/pj_chase_obj/install/chase_object/lib/python3.12/site-packages/chase_object/__pycache__/yolo_apps.cpython-312.pyc
/home/mj/project/pj_chase_obj/install/chase_object/share/ament_index/resource_index/packages/chase_object
/home/mj/project/pj_chase_obj/install/chase_object/share/chase_object/package.xml
/home/mj/project/pj_chase_obj/install/chase_object/lib/python3.12/site-packages/chase_object-0.0.0-py3.12.egg-info/PKG-INFO
/home/mj/project/pj_chase_obj/install/chase_object/lib/python3.12/site-packages/chase_object-0.0.0-py3.12.egg-info/SOURCES.txt
/home/mj/project/pj_chase_obj/install/chase_object/lib/python3.12/site-packages/chase_object-0.0.0-py3.12.egg-info/requires.txt
/home/mj/project/pj_chase_obj/install/chase_object/lib/python3.12/site-packages/chase_object-0.0.0-py3.12.egg-info/entry_points.txt
/home/mj/project/pj_chase_obj/install/chase_object/lib/python3.12/site-packages/chase_object-0.0.0-py3.12.egg-info/dependency_links.txt
/home/mj/project/pj_chase_obj/install/chase_object/lib/python3.12/site-packages/chase_object-0.0.0-py3.12.egg-info/top_level.txt
/home/mj/project/pj_chase_obj/install/chase_object/lib/python3.12/site-packages/chase_object-0.0.0-py3.12.egg-info/zip-safe
/home/mj/project/pj_chase_obj/install/chase_object/lib/chase_object/control_rotate
/home/mj/project/pj_chase_obj/install/chase_object/lib/chase_object/yolo_ros_node
