[0.119s] Invoking command in '/home/lee/turtlebot3_ws/build/turtlebot3_fake_node': AMENT_PREFIX_PATH=/home/lee/turtlebot3_ws/install/turtlebot3_msgs:${AMENT_PREFIX_PATH} CMAKE_PREFIX_PATH=/home/lee/turtlebot3_ws/install/turtlebot3_msgs:/home/lee/pinky/install/pinky_sensor_adc:/home/lee/pinky/install/pinky_navigation:/home/lee/pinky/install/pinky_lamp_control:/home/lee/pinky/install/pinky_interfaces:/home/lee/pinky/install/pinky_imu_bno055:/home/lee/pinky/install/pinky_gz_sim:/home/lee/pinky/install/pinky_description:/opt/ros/jazzy/opt/gz_sim_vendor:/opt/ros/jazzy/opt/gz_sensors_vendor:/opt/ros/jazzy/opt/gz_physics_vendor:/opt/ros/jazzy/opt/sdformat_vendor:/opt/ros/jazzy/opt/gz_gui_vendor:/opt/ros/jazzy/opt/gz_transport_vendor:/opt/ros/jazzy/opt/gz_rendering_vendor:/opt/ros/jazzy/opt/gz_plugin_vendor:/opt/ros/jazzy/opt/gz_fuel_tools_vendor:/opt/ros/jazzy/opt/gz_msgs_vendor:/opt/ros/jazzy/opt/gz_common_vendor:/opt/ros/jazzy/opt/gz_math_vendor:/opt/ros/jazzy/opt/gz_utils_vendor:/opt/ros/jazzy/opt/gz_tools_vendor:/opt/ros/jazzy/opt/gz_ogre_next_vendor:/opt/ros/jazzy/opt/gz_dartsim_vendor:/opt/ros/jazzy/opt/gz_cmake_vendor:/home/lee/pinky/install/pinky_simple_navigator:/home/lee/pinky/install/pinky_led:/home/lee/pinky/install/pinky_emotion:/home/lee/pinky/install/pinky_bringup:/opt/ros/jazzy DEBUGINFOD_URLS=https://debuginfod.ubuntu.com LD_LIBRARY_PATH=/home/lee/turtlebot3_ws/install/turtlebot3_msgs/lib:${LD_LIBRARY_PATH} PS1=\[\e]0;\u@\h: \w\a\]${debian_chroot:+($debian_chroot)}\[\033[01;32m\]\u@\h\[\033[00m\]:\[\033[01;34m\]\w\[\033[00m\]\$ PYTHONPATH=/home/lee/turtlebot3_ws/install/turtlebot3_msgs/lib/python3.12/site-packages:${PYTHONPATH} /usr/bin/cmake /home/lee/turtlebot3_ws/src/turtlebot3_simulations/turtlebot3_fake_node -DAMENT_CMAKE_SYMLINK_INSTALL=1 -DCMAKE_INSTALL_PREFIX=/home/lee/turtlebot3_ws/install/turtlebot3_fake_node
[0.155s] -- The C compiler identification is GNU 13.3.0
[0.188s] -- The CXX compiler identification is GNU 13.3.0
[0.200s] -- Detecting C compiler ABI info
[0.261s] -- Detecting C compiler ABI info - done
[0.266s] -- Check for working C compiler: /usr/bin/cc - skipped
[0.266s] -- Detecting C compile features
[0.266s] -- Detecting C compile features - done
[0.273s] -- Detecting CXX compiler ABI info
[0.336s] -- Detecting CXX compiler ABI info - done
[0.341s] -- Check for working CXX compiler: /usr/bin/c++ - skipped
[0.341s] -- Detecting CXX compile features
[0.341s] -- Detecting CXX compile features - done
[0.344s] -- Found ament_cmake: 2.5.6 (/opt/ros/jazzy/share/ament_cmake/cmake)
[0.446s] -- Found Python3: /usr/bin/python3 (found version "3.12.3") found components: Interpreter 
[0.491s] -- Override CMake install command with custom implementation using symlinks instead of copying resources
[0.524s] -- Found geometry_msgs: 5.3.7 (/opt/ros/jazzy/share/geometry_msgs/cmake)
[0.555s] -- Found rosidl_generator_c: 4.6.7 (/opt/ros/jazzy/share/rosidl_generator_c/cmake)
[0.565s] -- Found rosidl_generator_cpp: 4.6.7 (/opt/ros/jazzy/share/rosidl_generator_cpp/cmake)
[0.577s] -- Using all available rosidl_typesupport_c: rosidl_typesupport_fastrtps_c;rosidl_typesupport_introspection_c
[0.589s] -- Using all available rosidl_typesupport_cpp: rosidl_typesupport_fastrtps_cpp;rosidl_typesupport_introspection_cpp
[0.618s] -- Found nav_msgs: 5.3.7 (/opt/ros/jazzy/share/nav_msgs/cmake)
[0.641s] -- Found rclcpp: 28.1.18 (/opt/ros/jazzy/share/rclcpp/cmake)
[0.674s] -- Found rmw_implementation_cmake: 7.3.3 (/opt/ros/jazzy/share/rmw_implementation_cmake/cmake)
[0.676s] -- Found rmw_fastrtps_cpp: 8.4.3 (/opt/ros/jazzy/share/rmw_fastrtps_cpp/cmake)
[0.740s] -- Found OpenSSL: /usr/lib/x86_64-linux-gnu/libcrypto.so (found version "3.0.13")  
[0.755s] -- Found FastRTPS: /opt/ros/jazzy/include (Required is at least version "2.13") 
[0.771s] -- Using RMW implementation 'rmw_fastrtps_cpp' as default
[0.816s] -- Found sensor_msgs: 5.3.7 (/opt/ros/jazzy/share/sensor_msgs/cmake)
[0.831s] -- Found tf2: 0.36.20 (/opt/ros/jazzy/share/tf2/cmake)
[0.835s] -- Found tf2_msgs: 0.36.20 (/opt/ros/jazzy/share/tf2_msgs/cmake)
[0.868s] -- Found turtlebot3_msgs: 2.4.0 (/home/lee/turtlebot3_ws/install/turtlebot3_msgs/share/turtlebot3_msgs/cmake)
[0.940s] -- Configuring done (0.8s)
[0.949s] -- Generating done (0.0s)
[0.952s] -- Build files have been written to: /home/lee/turtlebot3_ws/build/turtlebot3_fake_node
[0.960s] Invoked command in '/home/lee/turtlebot3_ws/build/turtlebot3_fake_node' returned '0': AMENT_PREFIX_PATH=/home/lee/turtlebot3_ws/install/turtlebot3_msgs:${AMENT_PREFIX_PATH} CMAKE_PREFIX_PATH=/home/lee/turtlebot3_ws/install/turtlebot3_msgs:/home/lee/pinky/install/pinky_sensor_adc:/home/lee/pinky/install/pinky_navigation:/home/lee/pinky/install/pinky_lamp_control:/home/lee/pinky/install/pinky_interfaces:/home/lee/pinky/install/pinky_imu_bno055:/home/lee/pinky/install/pinky_gz_sim:/home/lee/pinky/install/pinky_description:/opt/ros/jazzy/opt/gz_sim_vendor:/opt/ros/jazzy/opt/gz_sensors_vendor:/opt/ros/jazzy/opt/gz_physics_vendor:/opt/ros/jazzy/opt/sdformat_vendor:/opt/ros/jazzy/opt/gz_gui_vendor:/opt/ros/jazzy/opt/gz_transport_vendor:/opt/ros/jazzy/opt/gz_rendering_vendor:/opt/ros/jazzy/opt/gz_plugin_vendor:/opt/ros/jazzy/opt/gz_fuel_tools_vendor:/opt/ros/jazzy/opt/gz_msgs_vendor:/opt/ros/jazzy/opt/gz_common_vendor:/opt/ros/jazzy/opt/gz_math_vendor:/opt/ros/jazzy/opt/gz_utils_vendor:/opt/ros/jazzy/opt/gz_tools_vendor:/opt/ros/jazzy/opt/gz_ogre_next_vendor:/opt/ros/jazzy/opt/gz_dartsim_vendor:/opt/ros/jazzy/opt/gz_cmake_vendor:/home/lee/pinky/install/pinky_simple_navigator:/home/lee/pinky/install/pinky_led:/home/lee/pinky/install/pinky_emotion:/home/lee/pinky/install/pinky_bringup:/opt/ros/jazzy DEBUGINFOD_URLS=https://debuginfod.ubuntu.com LD_LIBRARY_PATH=/home/lee/turtlebot3_ws/install/turtlebot3_msgs/lib:${LD_LIBRARY_PATH} PS1=\[\e]0;\u@\h: \w\a\]${debian_chroot:+($debian_chroot)}\[\033[01;32m\]\u@\h\[\033[00m\]:\[\033[01;34m\]\w\[\033[00m\]\$ PYTHONPATH=/home/lee/turtlebot3_ws/install/turtlebot3_msgs/lib/python3.12/site-packages:${PYTHONPATH} /usr/bin/cmake /home/lee/turtlebot3_ws/src/turtlebot3_simulations/turtlebot3_fake_node -DAMENT_CMAKE_SYMLINK_INSTALL=1 -DCMAKE_INSTALL_PREFIX=/home/lee/turtlebot3_ws/install/turtlebot3_fake_node
[0.961s] Invoking command in '/home/lee/turtlebot3_ws/build/turtlebot3_fake_node': AMENT_PREFIX_PATH=/home/lee/turtlebot3_ws/install/turtlebot3_msgs:${AMENT_PREFIX_PATH} CMAKE_PREFIX_PATH=/home/lee/turtlebot3_ws/install/turtlebot3_msgs:/home/lee/pinky/install/pinky_sensor_adc:/home/lee/pinky/install/pinky_navigation:/home/lee/pinky/install/pinky_lamp_control:/home/lee/pinky/install/pinky_interfaces:/home/lee/pinky/install/pinky_imu_bno055:/home/lee/pinky/install/pinky_gz_sim:/home/lee/pinky/install/pinky_description:/opt/ros/jazzy/opt/gz_sim_vendor:/opt/ros/jazzy/opt/gz_sensors_vendor:/opt/ros/jazzy/opt/gz_physics_vendor:/opt/ros/jazzy/opt/sdformat_vendor:/opt/ros/jazzy/opt/gz_gui_vendor:/opt/ros/jazzy/opt/gz_transport_vendor:/opt/ros/jazzy/opt/gz_rendering_vendor:/opt/ros/jazzy/opt/gz_plugin_vendor:/opt/ros/jazzy/opt/gz_fuel_tools_vendor:/opt/ros/jazzy/opt/gz_msgs_vendor:/opt/ros/jazzy/opt/gz_common_vendor:/opt/ros/jazzy/opt/gz_math_vendor:/opt/ros/jazzy/opt/gz_utils_vendor:/opt/ros/jazzy/opt/gz_tools_vendor:/opt/ros/jazzy/opt/gz_ogre_next_vendor:/opt/ros/jazzy/opt/gz_dartsim_vendor:/opt/ros/jazzy/opt/gz_cmake_vendor:/home/lee/pinky/install/pinky_simple_navigator:/home/lee/pinky/install/pinky_led:/home/lee/pinky/install/pinky_emotion:/home/lee/pinky/install/pinky_bringup:/opt/ros/jazzy DEBUGINFOD_URLS=https://debuginfod.ubuntu.com LD_LIBRARY_PATH=/home/lee/turtlebot3_ws/install/turtlebot3_msgs/lib:${LD_LIBRARY_PATH} PS1=\[\e]0;\u@\h: \w\a\]${debian_chroot:+($debian_chroot)}\[\033[01;32m\]\u@\h\[\033[00m\]:\[\033[01;34m\]\w\[\033[00m\]\$ PYTHONPATH=/home/lee/turtlebot3_ws/install/turtlebot3_msgs/lib/python3.12/site-packages:${PYTHONPATH} /usr/bin/cmake --build /home/lee/turtlebot3_ws/build/turtlebot3_fake_node -- -j24 -l24
[1.025s] [ 50%] [32mBuilding CXX object CMakeFiles/turtlebot3_fake_node.dir/src/turtlebot3_fake_node.cpp.o[0m
[7.121s] [100%] [32m[1mLinking CXX executable turtlebot3_fake_node[0m
[7.329s] [100%] Built target turtlebot3_fake_node
[7.337s] Invoked command in '/home/lee/turtlebot3_ws/build/turtlebot3_fake_node' returned '0': AMENT_PREFIX_PATH=/home/lee/turtlebot3_ws/install/turtlebot3_msgs:${AMENT_PREFIX_PATH} CMAKE_PREFIX_PATH=/home/lee/turtlebot3_ws/install/turtlebot3_msgs:/home/lee/pinky/install/pinky_sensor_adc:/home/lee/pinky/install/pinky_navigation:/home/lee/pinky/install/pinky_lamp_control:/home/lee/pinky/install/pinky_interfaces:/home/lee/pinky/install/pinky_imu_bno055:/home/lee/pinky/install/pinky_gz_sim:/home/lee/pinky/install/pinky_description:/opt/ros/jazzy/opt/gz_sim_vendor:/opt/ros/jazzy/opt/gz_sensors_vendor:/opt/ros/jazzy/opt/gz_physics_vendor:/opt/ros/jazzy/opt/sdformat_vendor:/opt/ros/jazzy/opt/gz_gui_vendor:/opt/ros/jazzy/opt/gz_transport_vendor:/opt/ros/jazzy/opt/gz_rendering_vendor:/opt/ros/jazzy/opt/gz_plugin_vendor:/opt/ros/jazzy/opt/gz_fuel_tools_vendor:/opt/ros/jazzy/opt/gz_msgs_vendor:/opt/ros/jazzy/opt/gz_common_vendor:/opt/ros/jazzy/opt/gz_math_vendor:/opt/ros/jazzy/opt/gz_utils_vendor:/opt/ros/jazzy/opt/gz_tools_vendor:/opt/ros/jazzy/opt/gz_ogre_next_vendor:/opt/ros/jazzy/opt/gz_dartsim_vendor:/opt/ros/jazzy/opt/gz_cmake_vendor:/home/lee/pinky/install/pinky_simple_navigator:/home/lee/pinky/install/pinky_led:/home/lee/pinky/install/pinky_emotion:/home/lee/pinky/install/pinky_bringup:/opt/ros/jazzy DEBUGINFOD_URLS=https://debuginfod.ubuntu.com LD_LIBRARY_PATH=/home/lee/turtlebot3_ws/install/turtlebot3_msgs/lib:${LD_LIBRARY_PATH} PS1=\[\e]0;\u@\h: \w\a\]${debian_chroot:+($debian_chroot)}\[\033[01;32m\]\u@\h\[\033[00m\]:\[\033[01;34m\]\w\[\033[00m\]\$ PYTHONPATH=/home/lee/turtlebot3_ws/install/turtlebot3_msgs/lib/python3.12/site-packages:${PYTHONPATH} /usr/bin/cmake --build /home/lee/turtlebot3_ws/build/turtlebot3_fake_node -- -j24 -l24
[7.338s] Invoking command in '/home/lee/turtlebot3_ws/build/turtlebot3_fake_node': AMENT_PREFIX_PATH=/home/lee/turtlebot3_ws/install/turtlebot3_msgs:${AMENT_PREFIX_PATH} CMAKE_PREFIX_PATH=/home/lee/turtlebot3_ws/install/turtlebot3_msgs:/home/lee/pinky/install/pinky_sensor_adc:/home/lee/pinky/install/pinky_navigation:/home/lee/pinky/install/pinky_lamp_control:/home/lee/pinky/install/pinky_interfaces:/home/lee/pinky/install/pinky_imu_bno055:/home/lee/pinky/install/pinky_gz_sim:/home/lee/pinky/install/pinky_description:/opt/ros/jazzy/opt/gz_sim_vendor:/opt/ros/jazzy/opt/gz_sensors_vendor:/opt/ros/jazzy/opt/gz_physics_vendor:/opt/ros/jazzy/opt/sdformat_vendor:/opt/ros/jazzy/opt/gz_gui_vendor:/opt/ros/jazzy/opt/gz_transport_vendor:/opt/ros/jazzy/opt/gz_rendering_vendor:/opt/ros/jazzy/opt/gz_plugin_vendor:/opt/ros/jazzy/opt/gz_fuel_tools_vendor:/opt/ros/jazzy/opt/gz_msgs_vendor:/opt/ros/jazzy/opt/gz_common_vendor:/opt/ros/jazzy/opt/gz_math_vendor:/opt/ros/jazzy/opt/gz_utils_vendor:/opt/ros/jazzy/opt/gz_tools_vendor:/opt/ros/jazzy/opt/gz_ogre_next_vendor:/opt/ros/jazzy/opt/gz_dartsim_vendor:/opt/ros/jazzy/opt/gz_cmake_vendor:/home/lee/pinky/install/pinky_simple_navigator:/home/lee/pinky/install/pinky_led:/home/lee/pinky/install/pinky_emotion:/home/lee/pinky/install/pinky_bringup:/opt/ros/jazzy DEBUGINFOD_URLS=https://debuginfod.ubuntu.com LD_LIBRARY_PATH=/home/lee/turtlebot3_ws/install/turtlebot3_msgs/lib:${LD_LIBRARY_PATH} PS1=\[\e]0;\u@\h: \w\a\]${debian_chroot:+($debian_chroot)}\[\033[01;32m\]\u@\h\[\033[00m\]:\[\033[01;34m\]\w\[\033[00m\]\$ PYTHONPATH=/home/lee/turtlebot3_ws/install/turtlebot3_msgs/lib/python3.12/site-packages:${PYTHONPATH} /usr/bin/cmake --install /home/lee/turtlebot3_ws/build/turtlebot3_fake_node
[7.342s] -- Install configuration: ""
[7.342s] -- Execute custom install script
[7.342s] -- Symlinking: /home/lee/turtlebot3_ws/install/turtlebot3_fake_node/lib/turtlebot3_fake_node/turtlebot3_fake_node
[7.349s] -- Symlinking: /home/lee/turtlebot3_ws/install/turtlebot3_fake_node/share/turtlebot3_fake_node/launch/rviz2.launch.py
[7.354s] -- Symlinking: /home/lee/turtlebot3_ws/install/turtlebot3_fake_node/share/turtlebot3_fake_node/launch/turtlebot3_fake_node.launch.py
[7.360s] -- Symlinking: /home/lee/turtlebot3_ws/install/turtlebot3_fake_node/share/turtlebot3_fake_node/param/burger.yaml
[7.365s] -- Symlinking: /home/lee/turtlebot3_ws/install/turtlebot3_fake_node/share/turtlebot3_fake_node/param/waffle.yaml
[7.370s] -- Symlinking: /home/lee/turtlebot3_ws/install/turtlebot3_fake_node/share/turtlebot3_fake_node/param/waffle_pi.yaml
[7.374s] -- Symlinking: /home/lee/turtlebot3_ws/install/turtlebot3_fake_node/include//turtlebot3_fake_node/turtlebot3_fake_node.hpp
[7.378s] -- Symlinking: /home/lee/turtlebot3_ws/install/turtlebot3_fake_node/share/ament_index/resource_index/package_run_dependencies/turtlebot3_fake_node
[7.384s] -- Symlinking: /home/lee/turtlebot3_ws/install/turtlebot3_fake_node/share/ament_index/resource_index/parent_prefix_path/turtlebot3_fake_node
[7.389s] -- Symlinking: /home/lee/turtlebot3_ws/install/turtlebot3_fake_node/share/turtlebot3_fake_node/environment/ament_prefix_path.sh
[7.394s] -- Symlinking: /home/lee/turtlebot3_ws/install/turtlebot3_fake_node/share/turtlebot3_fake_node/environment/ament_prefix_path.dsv
[7.399s] -- Symlinking: /home/lee/turtlebot3_ws/install/turtlebot3_fake_node/share/turtlebot3_fake_node/environment/path.sh
[7.403s] -- Symlinking: /home/lee/turtlebot3_ws/install/turtlebot3_fake_node/share/turtlebot3_fake_node/environment/path.dsv
[7.409s] -- Symlinking: /home/lee/turtlebot3_ws/install/turtlebot3_fake_node/share/turtlebot3_fake_node/local_setup.bash
[7.413s] -- Symlinking: /home/lee/turtlebot3_ws/install/turtlebot3_fake_node/share/turtlebot3_fake_node/local_setup.sh
[7.419s] -- Symlinking: /home/lee/turtlebot3_ws/install/turtlebot3_fake_node/share/turtlebot3_fake_node/local_setup.zsh
[7.425s] -- Symlinking: /home/lee/turtlebot3_ws/install/turtlebot3_fake_node/share/turtlebot3_fake_node/local_setup.dsv
[7.430s] -- Symlinking: /home/lee/turtlebot3_ws/install/turtlebot3_fake_node/share/turtlebot3_fake_node/package.dsv
[7.435s] -- Symlinking: /home/lee/turtlebot3_ws/install/turtlebot3_fake_node/share/ament_index/resource_index/packages/turtlebot3_fake_node
[7.439s] -- Symlinking: /home/lee/turtlebot3_ws/install/turtlebot3_fake_node/share/turtlebot3_fake_node/cmake/ament_cmake_export_include_directories-extras.cmake
[7.444s] -- Symlinking: /home/lee/turtlebot3_ws/install/turtlebot3_fake_node/share/turtlebot3_fake_node/cmake/ament_cmake_export_dependencies-extras.cmake
[7.450s] -- Symlinking: /home/lee/turtlebot3_ws/install/turtlebot3_fake_node/share/turtlebot3_fake_node/cmake/turtlebot3_fake_nodeConfig.cmake
[7.455s] -- Symlinking: /home/lee/turtlebot3_ws/install/turtlebot3_fake_node/share/turtlebot3_fake_node/cmake/turtlebot3_fake_nodeConfig-version.cmake
[7.460s] -- Symlinking: /home/lee/turtlebot3_ws/install/turtlebot3_fake_node/share/turtlebot3_fake_node/package.xml
[7.465s] Invoked command in '/home/lee/turtlebot3_ws/build/turtlebot3_fake_node' returned '0': AMENT_PREFIX_PATH=/home/lee/turtlebot3_ws/install/turtlebot3_msgs:${AMENT_PREFIX_PATH} CMAKE_PREFIX_PATH=/home/lee/turtlebot3_ws/install/turtlebot3_msgs:/home/lee/pinky/install/pinky_sensor_adc:/home/lee/pinky/install/pinky_navigation:/home/lee/pinky/install/pinky_lamp_control:/home/lee/pinky/install/pinky_interfaces:/home/lee/pinky/install/pinky_imu_bno055:/home/lee/pinky/install/pinky_gz_sim:/home/lee/pinky/install/pinky_description:/opt/ros/jazzy/opt/gz_sim_vendor:/opt/ros/jazzy/opt/gz_sensors_vendor:/opt/ros/jazzy/opt/gz_physics_vendor:/opt/ros/jazzy/opt/sdformat_vendor:/opt/ros/jazzy/opt/gz_gui_vendor:/opt/ros/jazzy/opt/gz_transport_vendor:/opt/ros/jazzy/opt/gz_rendering_vendor:/opt/ros/jazzy/opt/gz_plugin_vendor:/opt/ros/jazzy/opt/gz_fuel_tools_vendor:/opt/ros/jazzy/opt/gz_msgs_vendor:/opt/ros/jazzy/opt/gz_common_vendor:/opt/ros/jazzy/opt/gz_math_vendor:/opt/ros/jazzy/opt/gz_utils_vendor:/opt/ros/jazzy/opt/gz_tools_vendor:/opt/ros/jazzy/opt/gz_ogre_next_vendor:/opt/ros/jazzy/opt/gz_dartsim_vendor:/opt/ros/jazzy/opt/gz_cmake_vendor:/home/lee/pinky/install/pinky_simple_navigator:/home/lee/pinky/install/pinky_led:/home/lee/pinky/install/pinky_emotion:/home/lee/pinky/install/pinky_bringup:/opt/ros/jazzy DEBUGINFOD_URLS=https://debuginfod.ubuntu.com LD_LIBRARY_PATH=/home/lee/turtlebot3_ws/install/turtlebot3_msgs/lib:${LD_LIBRARY_PATH} PS1=\[\e]0;\u@\h: \w\a\]${debian_chroot:+($debian_chroot)}\[\033[01;32m\]\u@\h\[\033[00m\]:\[\033[01;34m\]\w\[\033[00m\]\$ PYTHONPATH=/home/lee/turtlebot3_ws/install/turtlebot3_msgs/lib/python3.12/site-packages:${PYTHONPATH} /usr/bin/cmake --install /home/lee/turtlebot3_ws/build/turtlebot3_fake_node
