running egg_info
writing ../../build/chase_object/chase_object.egg-info/PKG-INFO
writing dependency_links to ../../build/chase_object/chase_object.egg-info/dependency_links.txt
writing entry points to ../../build/chase_object/chase_object.egg-info/entry_points.txt
writing requirements to ../../build/chase_object/chase_object.egg-info/requires.txt
writing top-level names to ../../build/chase_object/chase_object.egg-info/top_level.txt
reading manifest file '../../build/chase_object/chase_object.egg-info/SOURCES.txt'
writing manifest file '../../build/chase_object/chase_object.egg-info/SOURCES.txt'
running build
running build_py
copying chase_object/control_rotate.py -> /home/mj/project/pj_chase_obj/build/chase_object/build/lib/chase_object
running install
running install_lib
copying /home/mj/project/pj_chase_obj/build/chase_object/build/lib/chase_object/control_rotate.py -> /home/mj/project/pj_chase_obj/install/chase_object/lib/python3.12/site-packages/chase_object
byte-compiling /home/mj/project/pj_chase_obj/install/chase_object/lib/python3.12/site-packages/chase_object/control_rotate.py to control_rotate.cpython-312.pyc
running install_data
running install_egg_info
removing '/home/mj/project/pj_chase_obj/install/chase_object/lib/python3.12/site-packages/chase_object-0.0.0-py3.12.egg-info' (and everything under it)
Copying ../../build/chase_object/chase_object.egg-info to /home/mj/project/pj_chase_obj/install/chase_object/lib/python3.12/site-packages/chase_object-0.0.0-py3.12.egg-info
running install_scripts
Installing control_rotate script to /home/mj/project/pj_chase_obj/install/chase_object/lib/chase_object
Installing yolo_ros_node script to /home/mj/project/pj_chase_obj/install/chase_object/lib/chase_object
writing list of installed files to '/home/mj/project/pj_chase_obj/build/chase_object/install.log'
