[0.541s] Invoking command in '/home/lee/turtlebot3_ws/build/turtlebot3_teleop': DEBUGINFOD_URLS=https://debuginfod.ubuntu.com PS1=\[\e]0;\u@\h: \w\a\]${debian_chroot:+($debian_chroot)}\[\033[01;32m\]\u@\h\[\033[00m\]:\[\033[01;34m\]\w\[\033[00m\]\$ PYTHONPATH=/home/lee/turtlebot3_ws/build/turtlebot3_teleop/prefix_override:/usr/lib/python3/dist-packages/colcon_core/task/python/colcon_distutils_commands:/home/lee/turtlebot3_ws/install/turtlebot3_teleop/lib/python3.12/site-packages:${PYTHONPATH} /usr/bin/python3 -W ignore:setup.py install is deprecated -W ignore:easy_install command is deprecated setup.py develop --editable --build-directory /home/lee/turtlebot3_ws/build/turtlebot3_teleop/build --no-deps symlink_data
[0.718s] running develop
[0.836s] /usr/lib/python3/dist-packages/setuptools/command/easy_install.py:363: UserWarning: Unbuilt egg for pytest-repeat [unknown version] (/usr/lib/python3/dist-packages)
[0.836s]   self.local_index = Environment(self.shadow_path + sys.path)
[0.880s] running egg_info
[0.880s] creating turtlebot3_teleop.egg-info
[0.924s] writing turtlebot3_teleop.egg-info/PKG-INFO
[0.924s] writing dependency_links to turtlebot3_teleop.egg-info/dependency_links.txt
[0.924s] writing entry points to turtlebot3_teleop.egg-info/entry_points.txt
[0.924s] writing requirements to turtlebot3_teleop.egg-info/requires.txt
[0.924s] writing top-level names to turtlebot3_teleop.egg-info/top_level.txt
[0.924s] writing manifest file 'turtlebot3_teleop.egg-info/SOURCES.txt'
[0.980s] reading manifest file 'turtlebot3_teleop.egg-info/SOURCES.txt'
[0.980s] writing manifest file 'turtlebot3_teleop.egg-info/SOURCES.txt'
[1.007s] running build_ext
[1.007s] Creating /home/lee/turtlebot3_ws/install/turtlebot3_teleop/lib/python3.12/site-packages/turtlebot3-teleop.egg-link (link to .)
[1.008s] Installing teleop_keyboard script to /home/lee/turtlebot3_ws/install/turtlebot3_teleop/lib/turtlebot3_teleop
[1.008s] 
[1.008s] Installed /home/lee/turtlebot3_ws/build/turtlebot3_teleop
[1.008s] running symlink_data
[1.008s] creating /home/lee/turtlebot3_ws/install/turtlebot3_teleop/share/ament_index
[1.008s] creating /home/lee/turtlebot3_ws/install/turtlebot3_teleop/share/ament_index/resource_index
[1.008s] creating /home/lee/turtlebot3_ws/install/turtlebot3_teleop/share/ament_index/resource_index/packages
[1.008s] symbolically linking /home/lee/turtlebot3_ws/build/turtlebot3_teleop/resource/turtlebot3_teleop -> /home/lee/turtlebot3_ws/install/turtlebot3_teleop/share/ament_index/resource_index/packages
[1.008s] symbolically linking /home/lee/turtlebot3_ws/build/turtlebot3_teleop/package.xml -> /home/lee/turtlebot3_ws/install/turtlebot3_teleop/share/turtlebot3_teleop
[1.086s] Invoked command in '/home/lee/turtlebot3_ws/build/turtlebot3_teleop' returned '0': DEBUGINFOD_URLS=https://debuginfod.ubuntu.com PS1=\[\e]0;\u@\h: \w\a\]${debian_chroot:+($debian_chroot)}\[\033[01;32m\]\u@\h\[\033[00m\]:\[\033[01;34m\]\w\[\033[00m\]\$ PYTHONPATH=/home/lee/turtlebot3_ws/build/turtlebot3_teleop/prefix_override:/usr/lib/python3/dist-packages/colcon_core/task/python/colcon_distutils_commands:/home/lee/turtlebot3_ws/install/turtlebot3_teleop/lib/python3.12/site-packages:${PYTHONPATH} /usr/bin/python3 -W ignore:setup.py install is deprecated -W ignore:easy_install command is deprecated setup.py develop --editable --build-directory /home/lee/turtlebot3_ws/build/turtlebot3_teleop/build --no-deps symlink_data
